\BOOKMARK [1][-]{section*.1}{\376\377\000I\000N\000T\000R\000O\000D\000U\000C\000C\000I\000\323\000N}{}% 1
\BOOKMARK [2][-]{section*.2}{\376\377\000O\000b\000j\000e\000t\000i\000v\000o\000\040\000g\000e\000n\000e\000r\000a\000l}{section*.1}% 2
\BOOKMARK [2][-]{section*.3}{\376\377\000O\000b\000j\000e\000t\000i\000v\000o\000s\000\040\000e\000s\000p\000e\000c\000\355\000f\000i\000c\000o\000s}{section*.1}% 3
\BOOKMARK [1][-]{section*.4}{\376\377\000M\000A\000R\000C\000O\000\040\000T\000E\000\323\000R\000I\000C\000O}{}% 4
\BOOKMARK [2][-]{section*.5}{\376\377\000R\000e\000s\000o\000n\000a\000n\000c\000i\000a\000\040\000m\000a\000g\000n\000\351\000t\000i\000c\000a\000\040\000f\000u\000n\000c\000i\000o\000n\000a\000l\000\040\000e\000n\000\040\000r\000e\000p\000o\000s\000o}{section*.4}% 5
\BOOKMARK [2][-]{section*.6}{\376\377\000S\000e\000\361\000a\000l\000\040\000B\000O\000L\000D}{section*.4}% 6
\BOOKMARK [2][-]{section*.7}{\376\377\000P\000a\000r\000c\000e\000l\000a\000c\000i\000\363\000n\000\040\000c\000e\000r\000e\000b\000r\000a\000l\000\040\000y\000\040\000r\000e\000g\000i\000o\000n\000e\000s\000\040\000d\000e\000\040\000i\000n\000t\000e\000r\000\351\000s}{section*.4}% 7
\BOOKMARK [2][-]{section*.8}{\376\377\000C\000o\000n\000e\000c\000t\000i\000v\000i\000d\000a\000d\000\040\000c\000e\000r\000e\000b\000r\000a\000l}{section*.4}% 8
\BOOKMARK [2][-]{section*.9}{\376\377\000M\000\351\000t\000o\000d\000o\000s\000\040\000a\000s\000o\000c\000i\000a\000t\000i\000v\000o\000s}{section*.4}% 9
\BOOKMARK [3][-]{section*.10}{\376\377\000C\000o\000r\000r\000e\000l\000a\000c\000i\000\363\000n\000\040\000d\000e\000\040\000P\000e\000a\000r\000s\000o\000n}{section*.9}% 10
\BOOKMARK [3][-]{section*.11}{\376\377\000G\000r\000a\000p\000h\000i\000c\000a\000l\000\040\000L\000a\000s\000s\000o}{section*.9}% 11
\BOOKMARK [2][-]{section*.12}{\376\377\000M\000\351\000t\000o\000d\000o\000s\000\040\000d\000i\000r\000i\000g\000i\000d\000o\000s\000\040\000e\000x\000p\000l\000o\000r\000a\000t\000o\000r\000i\000o\000s}{section*.4}% 12
\BOOKMARK [3][-]{section*.13}{\376\377\000L\000i\000N\000G\000A\000M}{section*.12}% 13
\BOOKMARK [2][-]{section*.14}{\376\377\000A\000p\000r\000e\000n\000d\000i\000z\000a\000j\000e\000\040\000a\000u\000t\000o\000m\000\341\000t\000i\000c\000o\000\040\000p\000a\000r\000a\000\040\000c\000l\000a\000s\000i\000f\000i\000c\000a\000c\000i\000\363\000n}{section*.4}% 14
\BOOKMARK [3][-]{section*.15}{\376\377\000S\000V\000M\000\040\000y\000\040\000R\000a\000n\000d\000o\000m\000\040\000F\000o\000r\000e\000s\000t}{section*.14}% 15
\BOOKMARK [2][-]{section*.16}{\376\377\000M\000\351\000t\000r\000i\000c\000a\000s\000\040\000d\000e\000\040\000e\000v\000a\000l\000u\000a\000c\000i\000\363\000n}{section*.4}% 16
\BOOKMARK [1][-]{section*.17}{\376\377\000E\000S\000T\000A\000D\000O\000\040\000D\000E\000L\000\040\000A\000R\000T\000E}{}% 17
\BOOKMARK [2][-]{section*.18}{\376\377\000C\000o\000n\000e\000c\000t\000i\000v\000i\000d\000a\000d\000\040\000f\000u\000n\000c\000i\000o\000n\000a\000l\000\040\000e\000n\000\040\000T\000E\000A}{section*.17}% 18
\BOOKMARK [2][-]{section*.19}{\376\377\000A\000B\000I\000D\000E\000\040\000y\000\040\000c\000l\000a\000s\000i\000f\000i\000c\000a\000c\000i\000\363\000n\000\040\000d\000e\000\040\000T\000E\000A\000\040\000c\000o\000n\000\040\000r\000s\000-\000f\000M\000R\000I}{section*.17}% 19
\BOOKMARK [2][-]{section*.20}{\376\377\000M\000\351\000t\000o\000d\000o\000s\000\040\000a\000s\000o\000c\000i\000a\000t\000i\000v\000o\000s\000\040\000e\000n\000\040\000r\000s\000-\000f\000M\000R\000I}{section*.17}% 20
\BOOKMARK [2][-]{section*.21}{\376\377\000M\000\351\000t\000o\000d\000o\000s\000\040\000d\000i\000r\000i\000g\000i\000d\000o\000s\000\040\000e\000x\000p\000l\000o\000r\000a\000t\000o\000r\000i\000o\000s\000\040\000e\000n\000\040\000r\000s\000-\000f\000M\000R\000I}{section*.17}% 21
\BOOKMARK [2][-]{section*.22}{\376\377\000V\000a\000c\000\355\000o\000\040\000a\000b\000o\000r\000d\000a\000d\000o\000\040\000p\000o\000r\000\040\000e\000s\000t\000e\000\040\000t\000r\000a\000b\000a\000j\000o}{section*.17}% 22
\BOOKMARK [1][-]{section*.23}{\376\377\000M\000E\000T\000O\000D\000O\000L\000O\000G\000\315\000A\000\040\000E\000\040\000I\000M\000P\000L\000E\000M\000E\000N\000T\000A\000C\000I\000\323\000N}{}% 23
\BOOKMARK [2][-]{section*.24}{\376\377\000C\000o\000n\000j\000u\000n\000t\000o\000\040\000d\000e\000\040\000d\000a\000t\000o\000s}{section*.23}% 24
\BOOKMARK [2][-]{section*.26}{\376\377\000P\000r\000e\000p\000r\000o\000c\000e\000s\000a\000m\000i\000e\000n\000t\000o}{section*.23}% 25
\BOOKMARK [2][-]{section*.27}{\376\377\000P\000a\000r\000c\000e\000l\000a\000c\000i\000\363\000n\000\040\000c\000e\000r\000e\000b\000r\000a\000l\000\040\000y\000\040\000e\000x\000t\000r\000a\000c\000c\000i\000\363\000n\000\040\000d\000e\000\040\000R\000O\000I\000s}{section*.23}% 26
\BOOKMARK [2][-]{section*.29}{\376\377\000C\000o\000v\000a\000r\000i\000a\000b\000l\000e\000s\000\040\000y\000\040\000c\000o\000n\000t\000r\000o\000l\000\040\000d\000e\000\040\000m\000o\000v\000i\000m\000i\000e\000n\000t\000o}{section*.23}% 27
\BOOKMARK [2][-]{section*.30}{\376\377\000I\000n\000f\000e\000r\000e\000n\000c\000i\000a\000\040\000e\000s\000t\000a\000d\000\355\000s\000t\000i\000c\000a}{section*.23}% 28
\BOOKMARK [2][-]{section*.31}{\376\377\000E\000s\000t\000i\000m\000a\000c\000i\000\363\000n\000\040\000d\000e\000\040\000c\000o\000n\000e\000c\000t\000i\000v\000i\000d\000a\000d\000\040\000a\000s\000o\000c\000i\000a\000t\000i\000v\000a}{section*.23}% 29
\BOOKMARK [3][-]{section*.32}{\376\377\000C\000o\000r\000r\000e\000l\000a\000c\000i\000\363\000n\000\040\000d\000e\000\040\000P\000e\000a\000r\000s\000o\000n}{section*.31}% 30
\BOOKMARK [3][-]{section*.33}{\376\377\000G\000r\000a\000p\000h\000i\000c\000a\000l\000\040\000L\000a\000s\000s\000o}{section*.31}% 31
\BOOKMARK [2][-]{section*.34}{\376\377\000E\000s\000t\000i\000m\000a\000c\000i\000\363\000n\000\040\000d\000i\000r\000i\000g\000i\000d\000a\000\040\000e\000x\000p\000l\000o\000r\000a\000t\000o\000r\000i\000a}{section*.23}% 32
\BOOKMARK [3][-]{section*.35}{\376\377\000L\000i\000N\000G\000A\000M}{section*.34}% 33
\BOOKMARK [2][-]{section*.36}{\376\377\000V\000e\000c\000t\000o\000r\000i\000z\000a\000c\000i\000\363\000n\000\040\000d\000e\000\040\000m\000a\000t\000r\000i\000c\000e\000s}{section*.23}% 34
\BOOKMARK [2][-]{section*.37}{\376\377\000C\000l\000a\000s\000i\000f\000i\000c\000a\000c\000i\000\363\000n}{section*.23}% 35
\BOOKMARK [2][-]{section*.38}{\376\377\000E\000v\000a\000l\000u\000a\000c\000i\000\363\000n\000\040\000y\000\040\000c\000o\000m\000p\000a\000r\000a\000c\000i\000\363\000n\000\040\000e\000n\000t\000r\000e\000\040\000m\000\351\000t\000o\000d\000o\000s}{section*.23}% 36
\BOOKMARK [1][-]{section*.40}{\376\377\000R\000E\000S\000U\000L\000T\000A\000D\000O\000S}{}% 37
\BOOKMARK [2][-]{section*.41}{\376\377\000M\000a\000t\000r\000i\000c\000e\000s\000\040\000d\000e\000\040\000c\000o\000n\000e\000c\000t\000i\000v\000i\000d\000a\000d\000\040\000a\000s\000o\000c\000i\000a\000t\000i\000v\000a}{section*.40}% 38
\BOOKMARK [2][-]{section*.46}{\376\377\000R\000e\000s\000u\000l\000t\000a\000d\000o\000s\000\040\000d\000e\000\040\000r\000e\000p\000r\000e\000s\000e\000n\000t\000a\000c\000i\000\363\000n\000\040\000d\000i\000r\000i\000g\000i\000d\000a\000\040\000e\000x\000p\000l\000o\000r\000a\000t\000o\000r\000i\000a\000\040\000m\000e\000d\000i\000a\000n\000t\000e\000\040\000L\000i\000N\000G\000A\000M}{section*.40}% 39
\BOOKMARK [2][-]{section*.49}{\376\377\000C\000o\000m\000p\000o\000n\000e\000n\000t\000e\000s\000\040\000s\000i\000g\000n\000i\000f\000i\000c\000a\000t\000i\000v\000o\000s\000\040\000m\000e\000d\000i\000a\000n\000t\000e\000\040\000N\000B\000S}{section*.40}% 40
\BOOKMARK [2][-]{section*.53}{\376\377\000C\000l\000a\000s\000i\000f\000i\000c\000a\000c\000i\000\363\000n\000\040\000s\000u\000p\000e\000r\000v\000i\000s\000a\000d\000a}{section*.40}% 41
\BOOKMARK [1][-]{section*.56}{\376\377\000D\000I\000S\000C\000U\000S\000I\000\323\000N}{}% 42
\BOOKMARK [2][-]{section*.57}{\376\377\000I\000n\000t\000e\000r\000p\000r\000e\000t\000a\000c\000i\000\363\000n\000\040\000d\000e\000\040\000l\000a\000s\000\040\000d\000i\000f\000e\000r\000e\000n\000c\000i\000a\000s\000\040\000e\000n\000\040\000r\000e\000d\000e\000s\000\040\000c\000e\000r\000e\000b\000r\000a\000l\000e\000s}{section*.56}% 43
\BOOKMARK [2][-]{section*.58}{\376\377\000R\000e\000l\000a\000c\000i\000\363\000n\000\040\000d\000e\000\040\000l\000o\000s\000\040\000h\000a\000l\000l\000a\000z\000g\000o\000s\000\040\000c\000o\000n\000\040\000l\000a\000\040\000l\000i\000t\000e\000r\000a\000t\000u\000r\000a}{section*.56}% 44
\BOOKMARK [2][-]{section*.60}{\376\377\000C\000o\000m\000p\000a\000r\000a\000c\000i\000\363\000n\000\040\000m\000e\000t\000o\000d\000o\000l\000\363\000g\000i\000c\000a\000\040\000e\000n\000t\000r\000e\000\040\000P\000e\000a\000r\000s\000o\000n\000,\000\040\000G\000r\000a\000p\000h\000i\000c\000a\000l\000\040\000L\000a\000s\000s\000o\000\040\000y\000\040\000L\000i\000N\000G\000A\000M}{section*.56}% 45
\BOOKMARK [2][-]{section*.61}{\376\377\000C\000l\000a\000s\000i\000f\000i\000c\000a\000c\000i\000\363\000n\000\040\000c\000o\000m\000o\000\040\000e\000v\000a\000l\000u\000a\000c\000i\000\363\000n\000\040\000c\000o\000m\000p\000l\000e\000m\000e\000n\000t\000a\000r\000i\000a}{section*.56}% 46
\BOOKMARK [2][-]{section*.62}{\376\377\000L\000i\000m\000i\000t\000a\000c\000i\000o\000n\000e\000s\000\040\000m\000e\000t\000o\000d\000o\000l\000\363\000g\000i\000c\000a\000s}{section*.56}% 47
\BOOKMARK [1][-]{section*.63}{\376\377\000C\000O\000N\000C\000L\000U\000S\000I\000\323\000N}{}% 48
